Using pre-set license
Built from '2022.1/staging' branch; Version is '2022.1.18f1 (8a091f9adba4) revision 9046303'; Using compiler version '192829333'; Build Type 'Release'
OS: 'Windows 10  (10.0.19045) 64bit Professional' Language: 'en' Physical Memory: 32541 MB
BatchMode: 1, IsHumanControllingUs: 0, StartBugReporterOnCrash: 0, Is64bit: 1, IsPro: 1

COMMAND LINE ARGUMENTS:
D:\Unity\2022.1.18f1\Editor\Unity.exe
-adb2
-batchMode
-noUpm
-name
AssetImportWorker4
-projectPath
D:/UnityPRJ/2D plattformer controller
-logFile
Logs/AssetImportWorker4.log
-srvPort
55942
Successfully changed project path to: D:/UnityPRJ/2D plattformer controller
D:/UnityPRJ/2D plattformer controller
[UnityMemory] Configuration Parameters - Can be set up in boot.config
    "memorysetup-bucket-allocator-granularity=16"
    "memorysetup-bucket-allocator-bucket-count=8"
    "memorysetup-bucket-allocator-block-size=33554432"
    "memorysetup-bucket-allocator-block-count=8"
    "memorysetup-main-allocator-block-size=16777216"
    "memorysetup-thread-allocator-block-size=16777216"
    "memorysetup-gfx-main-allocator-block-size=16777216"
    "memorysetup-gfx-thread-allocator-block-size=16777216"
    "memorysetup-cache-allocator-block-size=4194304"
    "memorysetup-typetree-allocator-block-size=2097152"
    "memorysetup-profiler-bucket-allocator-granularity=16"
    "memorysetup-profiler-bucket-allocator-bucket-count=8"
    "memorysetup-profiler-bucket-allocator-block-size=33554432"
    "memorysetup-profiler-bucket-allocator-block-count=8"
    "memorysetup-profiler-allocator-block-size=16777216"
    "memorysetup-profiler-editor-allocator-block-size=1048576"
    "memorysetup-temp-allocator-size-main=16777216"
    "memorysetup-job-temp-allocator-block-size=2097152"
    "memorysetup-job-temp-allocator-block-size-background=1048576"
    "memorysetup-job-temp-allocator-reduction-small-platforms=262144"
    "memorysetup-temp-allocator-size-background-worker=32768"
    "memorysetup-temp-allocator-size-job-worker=262144"
    "memorysetup-temp-allocator-size-preload-manager=33554432"
    "memorysetup-temp-allocator-size-nav-mesh-worker=65536"
    "memorysetup-temp-allocator-size-audio-worker=65536"
    "memorysetup-temp-allocator-size-cloud-worker=32768"
    "memorysetup-temp-allocator-size-gi-baking-worker=262144"
    "memorysetup-temp-allocator-size-gfx=262144"
Refreshing native plugins compatible for Editor in 98.61 ms, found 4 plugins.
Preloading 0 native plugins for Editor in 0.00 ms.
Initialize engine version: 2022.1.18f1 (8a091f9adba4)
[Subsystems] Discovering subsystems at path D:/Unity/2022.1.18f1/Editor/Data/Resources/UnitySubsystems
[Subsystems] Discovering subsystems at path D:/UnityPRJ/2D plattformer controller/Assets
GfxDevice: creating device client; threaded=0; jobified=0
Direct3D:
    Version:  Direct3D 11.0 [level 11.1]
    Renderer: Intel(R) UHD Graphics 770 (ID=0x4680)
    Vendor:   Intel
    VRAM:     16270 MB
    Driver:   30.0.101.1660
Initialize mono
Mono path[0] = 'D:/Unity/2022.1.18f1/Editor/Data/Managed'
Mono path[1] = 'D:/Unity/2022.1.18f1/Editor/Data/MonoBleedingEdge/lib/mono/unityjit-win32'
Mono config path = 'D:/Unity/2022.1.18f1/Editor/Data/MonoBleedingEdge/etc'
Using monoOptions --debugger-agent=transport=dt_socket,embedding=1,server=y,suspend=n,address=127.0.0.1:56864
Begin MonoManager ReloadAssembly
Registering precompiled unity dll's ...
Register platform support module: D:/Unity/2022.1.18f1/Editor/Data/PlaybackEngines/WebGLSupport/UnityEditor.WebGL.Extensions.dll
Register platform support module: D:/Unity/2022.1.18f1/Editor/Data/PlaybackEngines/AndroidPlayer/UnityEditor.Android.Extensions.dll
Register platform support module: D:/Unity/2022.1.18f1/Editor/Data/PlaybackEngines/WindowsStandaloneSupport/UnityEditor.WindowsStandalone.Extensions.dll
Registered in 0.003333 seconds.
Native extension for WindowsStandalone target not found
Native extension for Android target not found
Native extension for WebGL target not found
Refreshing native plugins compatible for Editor in 97.83 ms, found 4 plugins.
Preloading 0 native plugins for Editor in 0.00 ms.
Mono: successfully reloaded assembly
- Completed reload, in  0.735 seconds
Domain Reload Profiling:
	ReloadAssembly (736ms)
		BeginReloadAssembly (74ms)
			ExecutionOrderSort (0ms)
			DisableScriptedObjects (0ms)
			BackupInstance (0ms)
			ReleaseScriptingObjects (0ms)
			CreateAndSetChildDomain (1ms)
		EndReloadAssembly (554ms)
			LoadAssemblies (74ms)
			RebuildTransferFunctionScriptingTraits (0ms)
			SetupTypeCache (121ms)
				TypeCache.Initialize (121ms)
					TypeCache.ScanAssembly (119ms)
				ResolveRequiredComponents (1ms)
			ReleaseScriptCaches (0ms)
			RebuildScriptCaches (31ms)
			SetupLoadedEditorAssemblies (344ms)
				LogAssemblyErrors (0ms)
				InitializePlatformSupportModulesInManaged (67ms)
				SetLoadedEditorAssemblies (9ms)
				RefreshPlugins (98ms)
				BeforeProcessingInitializeOnLoad (1ms)
				ProcessInitializeOnLoadAttributes (120ms)
				ProcessInitializeOnLoadMethodAttributes (48ms)
				AfterProcessingInitializeOnLoad (0ms)
				EditorAssembliesLoaded (0ms)
			ExecutionOrderSort2 (0ms)
			AwakeInstancesAfterBackupRestoration (0ms)
Platform modules already initialized, skipping
Registering precompiled user dll's ...
Registered in 0.004625 seconds.
Begin MonoManager ReloadAssembly
An ADB process has shut down when we were accessing it, the following System.Threading.ThreadAbortException has been thrown: Thread was being aborted..
Symbol file LoadedFromMemory doesn't match image D:\UnityPRJ\2D plattformer controller\Library\PackageCache\com.unity.visualscripting@1.7.8\Editor\VisualScripting.Core\Dependencies\YamlDotNet\Unity.VisualScripting.YamlDotNet.dll
Symbol file LoadedFromMemory doesn't match image D:\UnityPRJ\2D plattformer controller\Library\PackageCache\com.unity.visualscripting@1.7.8\Editor\VisualScripting.Core\Dependencies\DotNetZip\Unity.VisualScripting.IonicZip.dll
Native extension for WindowsStandalone target not found
Native extension for Android target not found
Native extension for WebGL target not found
Refreshing native plugins compatible for Editor in 111.43 ms, found 4 plugins.
Preloading 0 native plugins for Editor in 0.00 ms.
Mono: successfully reloaded assembly
- Completed reload, in  1.475 seconds
Domain Reload Profiling:
	ReloadAssembly (1476ms)
		BeginReloadAssembly (232ms)
			ExecutionOrderSort (0ms)
			DisableScriptedObjects (6ms)
			BackupInstance (0ms)
			ReleaseScriptingObjects (0ms)
			CreateAndSetChildDomain (127ms)
		EndReloadAssembly (1101ms)
			LoadAssemblies (96ms)
			RebuildTransferFunctionScriptingTraits (0ms)
			SetupTypeCache (311ms)
				TypeCache.Initialize (306ms)
					TypeCache.ScanAssembly (301ms)
				ResolveRequiredComponents (6ms)
			ReleaseScriptCaches (1ms)
			RebuildScriptCaches (71ms)
			SetupLoadedEditorAssemblies (531ms)
				LogAssemblyErrors (0ms)
				InitializePlatformSupportModulesInManaged (14ms)
				SetLoadedEditorAssemblies (7ms)
				RefreshPlugins (112ms)
				BeforeProcessingInitializeOnLoad (95ms)
				ProcessInitializeOnLoadAttributes (254ms)
				ProcessInitializeOnLoadMethodAttributes (46ms)
				AfterProcessingInitializeOnLoad (3ms)
				EditorAssembliesLoaded (0ms)
			ExecutionOrderSort2 (0ms)
			AwakeInstancesAfterBackupRestoration (9ms)
Platform modules already initialized, skipping
========================================================================
Worker process is ready to serve import requests
Launched and connected shader compiler UnityShaderCompiler.exe after 0.04 seconds
Refreshing native plugins compatible for Editor in 0.49 ms, found 4 plugins.
Preloading 0 native plugins for Editor in 0.00 ms.
Unloading 4094 Unused Serialized files (Serialized files now loaded: 0)
Unloading 39 unused Assets / (58.6 KB). Loaded Objects now: 4553.
Memory consumption went from 0.62 GB to 0.62 GB.
Total: 2.146900 ms (FindLiveObjects: 0.188900 ms CreateObjectMapping: 0.087500 ms MarkObjects: 1.823400 ms  DeleteObjects: 0.046300 ms)

AssetImportParameters requested are different than current active one (requested -> active):
  custom:video-decoder-ogg-theora: a1e56fd34408186e4bbccfd4996cb3dc -> 
  custom:container-muxer-webm: aa71ff27fc2769a1b78a27578f13a17b -> 
  custom:container-demuxer-webm: 4f35f7cbe854078d1ac9338744f61a02 -> 
  custom:video-encoder-webm-vp8: eb34c28f22e8b96e1ab97ce403110664 -> 
  custom:audio-encoder-webm-vorbis: bf7c407c2cedff20999df2af8eb42d56 -> 
  custom:framework-win-MediaFoundation: 216162199b28c13a410421893ffa2e32 -> 
  custom:container-demuxer-ogg: 62fdf1f143b41e24485cea50d1cbac27 -> 
  custom:video-decoder-webm-vp8: 9c59270c3fd7afecdb556c50c9e8de78 -> 
  custom:audio-decoder-ogg-vorbis: bf7c407c2cedff20999df2af8eb42d56 -> 
========================================================================
Received Import Request.
  Time since last request: 511047.504019 seconds.
  path: Assets/Assets/Animations/Part 1 - 19/Idle.png
  artifactKey: Guid(2b6cac563f366b541a432221828bea1a) Importer(815301076,1909f56bfc062723c751e8b465ee728b)
Start importing Assets/Assets/Animations/Part 1 - 19/Idle.png using Guid(2b6cac563f366b541a432221828bea1a) Importer(815301076,1909f56bfc062723c751e8b465ee728b)  -> (artifact id: '33512dee059781ecab9e2990e8e96541') in 0.096659 seconds 
========================================================================
Received Import Request.
  Time since last request: 19.269614 seconds.
  path: Assets/Assets/Animations/Part 1 - 19/Walk.png
  artifactKey: Guid(f86b772f2cd57154a93fc91e1dcf1fca) Importer(815301076,1909f56bfc062723c751e8b465ee728b)
Start importing Assets/Assets/Animations/Part 1 - 19/Walk.png using Guid(f86b772f2cd57154a93fc91e1dcf1fca) Importer(815301076,1909f56bfc062723c751e8b465ee728b)  -> (artifact id: '90e6e566c6b0233d7c5025b23ecea15f') in 0.012303 seconds 
========================================================================
Received Import Request.
  Time since last request: 69.740913 seconds.
  path: Assets/Assets/Tile Sets/Tile Set.png
  artifactKey: Guid(bd1def4890f3adb469d668232ba27165) Importer(815301076,1909f56bfc062723c751e8b465ee728b)
Start importing Assets/Assets/Tile Sets/Tile Set.png using Guid(bd1def4890f3adb469d668232ba27165) Importer(815301076,1909f56bfc062723c751e8b465ee728b)  -> (artifact id: 'd39150d7436a5da32cf6ed0f69b1b325') in 0.172495 seconds 
========================================================================
Received Import Request.
  Time since last request: 124.028853 seconds.
  path: Assets/Assets/Animations/Part 1 - 19/Idle.png
  artifactKey: Guid(2b6cac563f366b541a432221828bea1a) Importer(815301076,1909f56bfc062723c751e8b465ee728b)
Start importing Assets/Assets/Animations/Part 1 - 19/Idle.png using Guid(2b6cac563f366b541a432221828bea1a) Importer(815301076,1909f56bfc062723c751e8b465ee728b)  -> (artifact id: '7285a09b2f327a9fca48d3a128e29f0f') in 0.026104 seconds 
========================================================================
Received Import Request.
  Time since last request: 42.527734 seconds.
  path: Assets/Assets/Animations/Part 1 - 19/Jump.png
  artifactKey: Guid(9afddd24ae6b76048b8a84e59ffce7c0) Importer(815301076,1909f56bfc062723c751e8b465ee728b)
Start importing Assets/Assets/Animations/Part 1 - 19/Jump.png using Guid(9afddd24ae6b76048b8a84e59ffce7c0) Importer(815301076,1909f56bfc062723c751e8b465ee728b)  -> (artifact id: '5319e7a8a24cd497aab3142cd835d6d6') in 0.034131 seconds 
========================================================================
Received Import Request.
  Time since last request: 37.806284 seconds.
  path: Assets/Assets/Animations/Part 1 - 19/Walk.png
  artifactKey: Guid(f86b772f2cd57154a93fc91e1dcf1fca) Importer(815301076,1909f56bfc062723c751e8b465ee728b)
Start importing Assets/Assets/Animations/Part 1 - 19/Walk.png using Guid(f86b772f2cd57154a93fc91e1dcf1fca) Importer(815301076,1909f56bfc062723c751e8b465ee728b)  -> (artifact id: '51c4229e60cebe8e526f056ad977d50b') in 0.037798 seconds 
========================================================================
Received Import Request.
  Time since last request: 14.099925 seconds.
  path: Assets/Assets/Animations/Part 1 - 19/Wall Slide.png
  artifactKey: Guid(0b064c2a36b82e042ace53d28e99b3d0) Importer(815301076,1909f56bfc062723c751e8b465ee728b)
Start importing Assets/Assets/Animations/Part 1 - 19/Wall Slide.png using Guid(0b064c2a36b82e042ace53d28e99b3d0) Importer(815301076,1909f56bfc062723c751e8b465ee728b)  -> (artifact id: '782fa97d0bed08fde683bd3ee9180c28') in 0.015971 seconds 
========================================================================
Received Import Request.
  Time since last request: 1395.554891 seconds.
  path: Assets/Assets/Props/Decor Items.png
  artifactKey: Guid(15f05d320d57cf949a6dca4150be89c3) Importer(815301076,1909f56bfc062723c751e8b465ee728b)
Start importing Assets/Assets/Props/Decor Items.png using Guid(15f05d320d57cf949a6dca4150be89c3) Importer(815301076,1909f56bfc062723c751e8b465ee728b)  -> (artifact id: '43fe2ad0bcb357ed6b9e913853924e93') in 0.039394 seconds 
========================================================================
Received Import Request.
  Time since last request: 21.565926 seconds.
  path: Assets
  artifactKey: Guid(00000000000000001000000000000000) Importer(815301076,1909f56bfc062723c751e8b465ee728b)
Start importing Assets using Guid(00000000000000001000000000000000) Importer(815301076,1909f56bfc062723c751e8b465ee728b)  -> (artifact id: '643dbe22ecb75e7bba7c4df53f6b1cbf') in 0.002685 seconds 
========================================================================
Received Import Request.
  Time since last request: 17.737142 seconds.
  path: Assets/Sprites
  artifactKey: Guid(efe74c0a92eb5014db9b43c9e97b1665) Importer(815301076,1909f56bfc062723c751e8b465ee728b)
Start importing Assets/Sprites using Guid(efe74c0a92eb5014db9b43c9e97b1665) Importer(815301076,1909f56bfc062723c751e8b465ee728b)  -> (artifact id: 'ad2b66b4ec576c9b51391b5ea1e46b2b') in 0.005900 seconds 
========================================================================
Received Import Request.
  Time since last request: 8.156789 seconds.
  path: Assets/Scenes
  artifactKey: Guid(131a6b21c8605f84396be9f6751fb6e3) Importer(815301076,1909f56bfc062723c751e8b465ee728b)
Start importing Assets/Scenes using Guid(131a6b21c8605f84396be9f6751fb6e3) Importer(815301076,1909f56bfc062723c751e8b465ee728b)  -> (artifact id: 'ce90847eb68a46711c52341880395d2e') in 0.009211 seconds 
========================================================================
Received Import Request.
  Time since last request: 55.533559 seconds.
  path: Assets/Scenes/SampleScene.unity
  artifactKey: Guid(2cda990e2423bbf4892e6590ba056729) Importer(815301076,1909f56bfc062723c751e8b465ee728b)
Start importing Assets/Scenes/SampleScene.unity using Guid(2cda990e2423bbf4892e6590ba056729) Importer(815301076,1909f56bfc062723c751e8b465ee728b)  -> (artifact id: '5a27779f5b9703c967a7ff151883c15b') in 0.005083 seconds 
========================================================================
Received Import Request.
  Time since last request: 6.867593 seconds.
  path: Assets/Scenes/Main.unity
  artifactKey: Guid(2cda990e2423bbf4892e6590ba056729) Importer(815301076,1909f56bfc062723c751e8b465ee728b)
Start importing Assets/Scenes/Main.unity using Guid(2cda990e2423bbf4892e6590ba056729) Importer(815301076,1909f56bfc062723c751e8b465ee728b)  -> (artifact id: 'e917d3875a3f3dde7c4299f8b286aee7') in 0.005766 seconds 
========================================================================
Received Import Request.
  Time since last request: 116.878600 seconds.
  path: Assets/Tile Map
  artifactKey: Guid(c6574f6859536ce4394b162bce971993) Importer(815301076,1909f56bfc062723c751e8b465ee728b)
Start importing Assets/Tile Map using Guid(c6574f6859536ce4394b162bce971993) Importer(815301076,1909f56bfc062723c751e8b465ee728b)  -> (artifact id: 'b532e42b63335cee377933ad414e801c') in 0.005691 seconds 
